<?xml version="1.0" encoding="UTF-8"?>
<testng-results ignored="0" total="1" passed="1" failed="0" skipped="0">
  <reporter-output>
  </reporter-output>
  <suite started-at="2024-05-15T05:19:35Z" name="Default suite" finished-at="2024-05-15T05:19:47Z" duration-ms="11293">
    <groups>
    </groups>
    <test started-at="2024-05-15T05:19:35Z" name="Default test" finished-at="2024-05-15T05:19:47Z" duration-ms="11293">
      <class name="day8.softassets">
        <test-method is-config="true" signature="setup()[pri:0, instance:day8.softassets@67d18ed7]" started-at="2024-05-15T05:19:35Z" name="setup" finished-at="2024-05-15T05:19:44Z" duration-ms="8838" status="PASS">
          <reporter-output>
          </reporter-output>
        </test-method> <!-- setup -->
        <test-method signature="clicktest()[pri:0, instance:day8.softassets@67d18ed7]" started-at="2024-05-15T05:19:44Z" name="clicktest" finished-at="2024-05-15T05:19:46Z" duration-ms="1517" status="PASS">
          <reporter-output>
          </reporter-output>
        </test-method> <!-- clicktest -->
        <test-method is-config="true" signature="teardown()[pri:0, instance:day8.softassets@67d18ed7]" started-at="2024-05-15T05:19:46Z" name="teardown" finished-at="2024-05-15T05:19:47Z" duration-ms="867" status="PASS">
          <reporter-output>
          </reporter-output>
        </test-method> <!-- teardown -->
      </class> <!-- day8.softassets -->
    </test> <!-- Default test -->
  </suite> <!-- Default suite -->
</testng-results>
